<?xml version="1.0" encoding="UTF-8" ?>
<testsuite tests="17" failures="0" name="test.CompilerTest" time="0.498" errors="0" skipped="0">
  <properties>
[...]
</properties>
  <testcase classname="test.CompilerTest" name="testInvalidFunctionParameter" time="0.284"/>
  <testcase classname="test.CompilerTest" name="testInvalidFunctionType" time="0.006"/>
  <testcase classname="test.CompilerTest" name="testValidInput" time="0.108"/>
  <testcase classname="test.CompilerTest" name="testValidWhile" time="0.022"/>
  <testcase classname="test.CompilerTest" name="testInvalidVariablesType" time="0.001"/>
  <testcase classname="test.CompilerTest" name="testValidIf" time="0.023"/>
  <testcase classname="test.CompilerTest" name="testInvalidIfType" time="0.001"/>
  <testcase classname="test.CompilerTest" name="testInvalidFunctionInput" time="0.001"/>
  <testcase classname="test.CompilerTest" name="testInvalidWhileType" time="0.002"/>
  <testcase classname="test.CompilerTest" name="testInvalidFunctionReturn" time="0.002"/>
  <testcase classname="test.CompilerTest" name="testInvalidFunctionReturnNotAllowed" time="0.002"/>
  <testcase classname="test.CompilerTest" name="testInvalidVariablesFound" time="0.002"/>
  <testcase classname="test.CompilerTest" name="testInvalidFunctionNotFound" time="0.002"/>
  <testcase classname="test.CompilerTest" name="testInvalidVariablesParser" time="0.001"/>
  <testcase classname="test.CompilerTest" name="testValidFunctions" time="0.032"/>
  <testcase classname="test.CompilerTest" name="testValidVariables" time="0.008"/>
  <testcase classname="test.CompilerTest" name="testInvalidVariablesDuplicate" time="0.001"/>
</testsuite>